{
  "0 debug pnpm:scope": {
    "selected": 1,
    "workspacePrefix": "E:\\jinux\\github\\nux-union"
  },
  "1 error pnpm": {
    "errno": 1,
    "code": "ELIFECYCLE",
    "pkgid": "examples@1.0.0",
    "stage": "dev",
    "script": "vite",
    "pkgname": "examples",
    "err": {
      "name": "pnpm",
      "message": "examples@1.0.0 dev: `vite`\nExit status 1",
      "code": "ELIFECYCLE",
      "stack": "pnpm: examples@1.0.0 dev: `vite`\nExit status 1\n    at EventEmitter.<anonymous> (C:\\Users\\DELL\\AppData\\Roaming\\npm\\node_modules\\pnpm\\dist\\pnpm.cjs:103858:20)\n    at EventEmitter.emit (events.js:400:28)\n    at ChildProcess.<anonymous> (C:\\Users\\DELL\\AppData\\Roaming\\npm\\node_modules\\pnpm\\dist\\pnpm.cjs:91787:18)\n    at ChildProcess.emit (events.js:400:28)\n    at maybeClose (internal/child_process.js:1058:16)\n    at Process.ChildProcess._handle.onexit (internal/child_process.js:293:5)"
    }
  },
  "2 warn pnpm:global": " Local package.json exists, but node_modules missing, did you mean to install?"
}